[  3056.310] (--) Log file renamed from "/home/grishma/.local/share/xorg/Xorg.pid-24571.log" to "/home/grishma/.local/share/xorg/Xorg.0.log"
[  3056.311] 
X.Org X Server 1.21.1.6
X Protocol Version 11, Revision 0
[  3056.311] Current Operating System: Linux arch 6.1.1-arch1-1 #1 SMP PREEMPT_DYNAMIC Wed, 21 Dec 2022 22:27:55 +0000 x86_64
[  3056.311] Kernel command line: BOOT_IMAGE=/vmlinuz-linux root=UUID=6097323e-4656-451f-8102-b694cf579a1f rw loglevel=3 quiet
[  3056.311]  
[  3056.311] Current version of pixman: 0.42.2
[  3056.311] 	Before reporting problems, check http://wiki.x.org
	to make sure that you have the latest version.
[  3056.311] Markers: (--) probed, (**) from config file, (==) default setting,
	(++) from command line, (!!) notice, (II) informational,
	(WW) warning, (EE) error, (NI) not implemented, (??) unknown.
[  3056.311] (==) Log file: "/home/grishma/.local/share/xorg/Xorg.0.log", Time: Mon Jan  2 12:17:51 2023
[  3056.313] (==) Using system config directory "/usr/share/X11/xorg.conf.d"
[  3056.313] (==) No Layout section.  Using the first Screen section.
[  3056.313] (==) No screen section available. Using defaults.
[  3056.313] (**) |-->Screen "Default Screen Section" (0)
[  3056.313] (**) |   |-->Monitor "<default monitor>"
[  3056.314] (==) No monitor specified for screen "Default Screen Section".
	Using a default monitor configuration.
[  3056.314] (==) Automatically adding devices
[  3056.314] (==) Automatically enabling devices
[  3056.314] (==) Automatically adding GPU devices
[  3056.314] (==) Automatically binding GPU devices
[  3056.314] (==) Max clients allowed: 256, resource mask: 0x1fffff
[  3056.314] (WW) The directory "/usr/share/fonts/misc" does not exist.
[  3056.314] 	Entry deleted from font path.
[  3056.314] (WW) The directory "/usr/share/fonts/TTF" does not exist.
[  3056.314] 	Entry deleted from font path.
[  3056.314] (WW) The directory "/usr/share/fonts/OTF" does not exist.
[  3056.314] 	Entry deleted from font path.
[  3056.314] (WW) The directory "/usr/share/fonts/Type1" does not exist.
[  3056.314] 	Entry deleted from font path.
[  3056.314] (==) FontPath set to:
	/usr/share/fonts/100dpi,
	/usr/share/fonts/75dpi
[  3056.314] (==) ModulePath set to "/usr/lib/xorg/modules"
[  3056.314] (II) The server relies on udev to provide the list of input devices.
	If no devices become available, reconfigure udev or disable AutoAddDevices.
[  3056.314] (II) Module ABI versions:
[  3056.314] 	X.Org ANSI C Emulation: 0.4
[  3056.314] 	X.Org Video Driver: 25.2
[  3056.314] 	X.Org XInput driver : 24.4
[  3056.314] 	X.Org Server Extension : 10.0
[  3056.315] (++) using VT number 2

[  3056.317] (II) systemd-logind: took control of session /org/freedesktop/login1/session/_37
[  3056.318] (II) xfree86: Adding drm device (/dev/dri/card0)
[  3056.318] (II) Platform probe for /sys/devices/pci0000:00/0000:00:02.0/drm/card0
[  3056.319] (II) systemd-logind: got fd for /dev/dri/card0 226:0 fd 14 paused 0
[  3056.322] (--) PCI:*(0@0:2:0) 8086:5917:1025:1219 rev 7, Mem @ 0xb0000000/16777216, 0xa0000000/268435456, I/O @ 0x00004000/64, BIOS @ 0x????????/131072
[  3056.322] (WW) Open ACPI failed (/var/run/acpid.socket) (No such file or directory)
[  3056.322] (II) LoadModule: "glx"
[  3056.324] (II) Loading /usr/lib/xorg/modules/extensions/libglx.so
[  3056.326] (II) Module glx: vendor="X.Org Foundation"
[  3056.326] 	compiled for 1.21.1.6, module version = 1.0.0
[  3056.326] 	ABI class: X.Org Server Extension, version 10.0
[  3056.326] (==) Matched intel as autoconfigured driver 0
[  3056.326] (==) Matched modesetting as autoconfigured driver 1
[  3056.326] (==) Matched fbdev as autoconfigured driver 2
[  3056.326] (==) Matched vesa as autoconfigured driver 3
[  3056.326] (==) Assigned the driver to the xf86ConfigLayout
[  3056.326] (II) LoadModule: "intel"
[  3056.327] (WW) Warning, couldn't open module intel
[  3056.327] (EE) Failed to load module "intel" (module does not exist, 0)
[  3056.327] (II) LoadModule: "modesetting"
[  3056.327] (II) Loading /usr/lib/xorg/modules/drivers/modesetting_drv.so
[  3056.328] (II) Module modesetting: vendor="X.Org Foundation"
[  3056.328] 	compiled for 1.21.1.6, module version = 1.21.1
[  3056.328] 	Module class: X.Org Video Driver
[  3056.328] 	ABI class: X.Org Video Driver, version 25.2
[  3056.328] (II) LoadModule: "fbdev"
[  3056.328] (WW) Warning, couldn't open module fbdev
[  3056.328] (EE) Failed to load module "fbdev" (module does not exist, 0)
[  3056.328] (II) LoadModule: "vesa"
[  3056.328] (II) Loading /usr/lib/xorg/modules/drivers/vesa_drv.so
[  3056.329] (II) Module vesa: vendor="X.Org Foundation"
[  3056.329] 	compiled for 1.21.1.4, module version = 2.6.0
[  3056.329] 	Module class: X.Org Video Driver
[  3056.329] 	ABI class: X.Org Video Driver, version 25.2
[  3056.329] (II) modesetting: Driver for Modesetting Kernel Drivers: kms
[  3056.329] (II) VESA: driver for VESA chipsets: vesa
[  3056.329] xf86EnableIO: failed to enable I/O ports 0000-03ff (Operation not permitted)
[  3056.329] (II) modeset(0): using drv /dev/dri/card0
[  3056.329] (WW) VGA arbiter: cannot open kernel arbiter, no multi-card support
[  3056.329] (II) modeset(0): Creating default Display subsection in Screen section
	"Default Screen Section" for depth/fbbpp 24/32
[  3056.329] (==) modeset(0): Depth 24, (==) framebuffer bpp 32
[  3056.329] (==) modeset(0): RGB weight 888
[  3056.329] (==) modeset(0): Default visual is TrueColor
[  3056.329] (II) Loading sub module "glamoregl"
[  3056.329] (II) LoadModule: "glamoregl"
[  3056.329] (II) Loading /usr/lib/xorg/modules/libglamoregl.so
[  3056.334] (II) Module glamoregl: vendor="X.Org Foundation"
[  3056.334] 	compiled for 1.21.1.6, module version = 1.0.1
[  3056.334] 	ABI class: X.Org ANSI C Emulation, version 0.4
[  3056.367] (II) modeset(0): glamor X acceleration enabled on Mesa Intel(R) UHD Graphics 620 (KBL GT2)
[  3056.367] (II) modeset(0): glamor initialized
[  3056.367] (==) modeset(0): VariableRefresh: disabled
[  3056.367] (==) modeset(0): AsyncFlipSecondaries: disabled
[  3056.369] (II) modeset(0): Output eDP-1 has no monitor section
[  3056.372] (II) modeset(0): Output HDMI-1 has no monitor section
[  3056.372] (II) modeset(0): Output DP-1 has no monitor section
[  3056.374] (II) modeset(0): EDID for output eDP-1
[  3056.374] (II) modeset(0): Manufacturer: CMN  Model: 14c4  Serial#: 0
[  3056.374] (II) modeset(0): Year: 2015  Week: 38
[  3056.374] (II) modeset(0): EDID Version: 1.4
[  3056.374] (II) modeset(0): Digital Display Input
[  3056.374] (II) modeset(0): 6 bits per channel
[  3056.374] (II) modeset(0): Digital interface is DisplayPort
[  3056.374] (II) modeset(0): Max Image Size [cm]: horiz.: 31  vert.: 17
[  3056.374] (II) modeset(0): Gamma: 2.20
[  3056.374] (II) modeset(0): No DPMS capabilities specified
[  3056.374] (II) modeset(0): Supported color encodings: RGB 4:4:4 
[  3056.374] (II) modeset(0): First detailed timing is preferred mode
[  3056.374] (II) modeset(0): Preferred mode is native pixel format and refresh rate
[  3056.374] (II) modeset(0): redX: 0.575 redY: 0.335   greenX: 0.327 greenY: 0.580
[  3056.374] (II) modeset(0): blueX: 0.157 blueY: 0.137   whiteX: 0.313 whiteY: 0.329
[  3056.374] (II) modeset(0): Manufacturer's mask: 0
[  3056.374] (II) modeset(0): Supported detailed timing:
[  3056.374] (II) modeset(0): clock: 76.4 MHz   Image Size:  309 x 173 mm
[  3056.374] (II) modeset(0): h_active: 1366  h_sync: 1434  h_sync_end 1479 h_blank_end 1592 h_border: 0
[  3056.374] (II) modeset(0): v_active: 768  v_sync: 772  v_sync_end 779 v_blanking: 800 v_border: 0
[  3056.374] (II) modeset(0):  N140BGA-EB3
[  3056.374] (II) modeset(0):  CMN
[  3056.374] (II) modeset(0):  N140BGA-EB3
[  3056.374] (II) modeset(0): EDID (in hex):
[  3056.374] (II) modeset(0): 	00ffffffffffff000daec41400000000
[  3056.374] (II) modeset(0): 	26190104951f1178027e459355539428
[  3056.374] (II) modeset(0): 	23505400000001010101010101010101
[  3056.374] (II) modeset(0): 	010101010101da1d56e250002030442d
[  3056.374] (II) modeset(0): 	470035ad10000018000000fe004e3134
[  3056.374] (II) modeset(0): 	304247412d4542330a20000000fe0043
[  3056.374] (II) modeset(0): 	4d4e0a202020202020202020000000fe
[  3056.374] (II) modeset(0): 	004e3134304247412d4542330a200050
[  3056.374] (II) modeset(0): Printing probed modes for output eDP-1
[  3056.374] (II) modeset(0): Modeline "1366x768"x60.0   76.42  1366 1434 1479 1592  768 772 779 800 -hsync -vsync (48.0 kHz eP)
[  3056.374] (II) modeset(0): Modeline "1280x720"x120.0  156.12  1280 1376 1512 1744  720 721 724 746 doublescan -hsync +vsync (89.5 kHz d)
[  3056.374] (II) modeset(0): Modeline "1280x720"x120.0  120.75  1280 1304 1320 1360  720 721 724 740 doublescan +hsync -vsync (88.8 kHz d)
[  3056.374] (II) modeset(0): Modeline "1280x720"x59.9   74.50  1280 1344 1472 1664  720 723 728 748 -hsync +vsync (44.8 kHz d)
[  3056.374] (II) modeset(0): Modeline "1280x720"x59.7   63.75  1280 1328 1360 1440  720 723 728 741 +hsync -vsync (44.3 kHz d)
[  3056.374] (II) modeset(0): Modeline "1024x768"x120.1  133.47  1024 1100 1212 1400  768 768 770 794 doublescan -hsync +vsync (95.3 kHz d)
[  3056.374] (II) modeset(0): Modeline "1024x768"x60.0   65.00  1024 1048 1184 1344  768 771 777 806 -hsync -vsync (48.4 kHz d)
[  3056.374] (II) modeset(0): Modeline "960x720"x120.0  117.00  960 1024 1128 1300  720 720 722 750 doublescan -hsync +vsync (90.0 kHz d)
[  3056.374] (II) modeset(0): Modeline "928x696"x120.1  109.15  928 976 1088 1264  696 696 698 719 doublescan -hsync +vsync (86.4 kHz d)
[  3056.374] (II) modeset(0): Modeline "896x672"x120.0  102.40  896 960 1060 1224  672 672 674 697 doublescan -hsync +vsync (83.7 kHz d)
[  3056.374] (II) modeset(0): Modeline "1024x576"x119.9   98.50  1024 1092 1200 1376  576 577 580 597 doublescan -hsync +vsync (71.6 kHz d)
[  3056.374] (II) modeset(0): Modeline "1024x576"x119.9   78.38  1024 1048 1064 1104  576 577 580 592 doublescan +hsync -vsync (71.0 kHz d)
[  3056.374] (II) modeset(0): Modeline "1024x576"x59.9   46.50  1024 1064 1160 1296  576 579 584 599 -hsync +vsync (35.9 kHz d)
[  3056.374] (II) modeset(0): Modeline "1024x576"x59.8   42.00  1024 1072 1104 1184  576 579 584 593 +hsync -vsync (35.5 kHz d)
[  3056.374] (II) modeset(0): Modeline "960x600"x119.9   96.62  960 1028 1128 1296  600 601 604 622 doublescan -hsync +vsync (74.6 kHz d)
[  3056.375] (II) modeset(0): Modeline "960x600"x120.0   77.00  960 984 1000 1040  600 601 604 617 doublescan +hsync -vsync (74.0 kHz d)
[  3056.375] (II) modeset(0): Modeline "960x540"x119.9   86.50  960 1024 1124 1288  540 541 544 560 doublescan -hsync +vsync (67.2 kHz d)
[  3056.375] (II) modeset(0): Modeline "960x540"x120.0   69.25  960 984 1000 1040  540 541 544 555 doublescan +hsync -vsync (66.6 kHz d)
[  3056.375] (II) modeset(0): Modeline "960x540"x59.6   40.75  960 992 1088 1216  540 543 548 562 -hsync +vsync (33.5 kHz d)
[  3056.375] (II) modeset(0): Modeline "960x540"x59.8   37.25  960 1008 1040 1120  540 543 548 556 +hsync -vsync (33.3 kHz d)
[  3056.375] (II) modeset(0): Modeline "800x600"x120.0   81.00  800 832 928 1080  600 600 602 625 doublescan +hsync +vsync (75.0 kHz d)
[  3056.375] (II) modeset(0): Modeline "800x600"x60.3   40.00  800 840 968 1056  600 601 605 628 +hsync +vsync (37.9 kHz d)
[  3056.375] (II) modeset(0): Modeline "800x600"x56.2   36.00  800 824 896 1024  600 601 603 625 +hsync +vsync (35.2 kHz d)
[  3056.375] (II) modeset(0): Modeline "840x525"x120.0   73.12  840 892 980 1120  525 526 529 544 doublescan -hsync +vsync (65.3 kHz d)
[  3056.375] (II) modeset(0): Modeline "840x525"x119.8   59.50  840 864 880 920  525 526 529 540 doublescan +hsync -vsync (64.7 kHz d)
[  3056.375] (II) modeset(0): Modeline "864x486"x59.9   32.50  864 888 968 1072  486 489 494 506 -hsync +vsync (30.3 kHz d)
[  3056.375] (II) modeset(0): Modeline "864x486"x59.6   30.50  864 912 944 1024  486 489 494 500 +hsync -vsync (29.8 kHz d)
[  3056.375] (II) modeset(0): Modeline "700x525"x120.0   61.00  700 744 820 940  525 526 532 541 doublescan +hsync +vsync (64.9 kHz d)
[  3056.375] (II) modeset(0): Modeline "800x450"x119.9   59.12  800 848 928 1056  450 451 454 467 doublescan -hsync +vsync (56.0 kHz d)
[  3056.375] (II) modeset(0): Modeline "800x450"x119.6   48.75  800 824 840 880  450 451 454 463 doublescan +hsync -vsync (55.4 kHz d)
[  3056.375] (II) modeset(0): Modeline "640x512"x120.0   54.00  640 664 720 844  512 512 514 533 doublescan +hsync +vsync (64.0 kHz d)
[  3056.375] (II) modeset(0): Modeline "700x450"x119.9   51.75  700 740 812 924  450 451 456 467 doublescan -hsync +vsync (56.0 kHz d)
[  3056.375] (II) modeset(0): Modeline "700x450"x119.8   43.25  700 724 740 780  450 451 456 463 doublescan +hsync -vsync (55.4 kHz d)
[  3056.375] (II) modeset(0): Modeline "640x480"x120.0   54.00  640 688 744 900  480 480 482 500 doublescan +hsync +vsync (60.0 kHz d)
[  3056.375] (II) modeset(0): Modeline "640x480"x59.9   25.18  640 656 752 800  480 490 492 525 -hsync -vsync (31.5 kHz d)
[  3056.375] (II) modeset(0): Modeline "720x405"x59.5   22.50  720 744 808 896  405 408 413 422 -hsync +vsync (25.1 kHz d)
[  3056.375] (II) modeset(0): Modeline "720x405"x59.0   21.75  720 768 800 880  405 408 413 419 +hsync -vsync (24.7 kHz d)
[  3056.375] (II) modeset(0): Modeline "684x384"x119.8   42.62  684 720 788 892  384 385 390 399 doublescan -hsync +vsync (47.8 kHz d)
[  3056.375] (II) modeset(0): Modeline "684x384"x119.7   36.12  684 708 724 764  384 385 390 395 doublescan +hsync -vsync (47.3 kHz d)
[  3056.375] (II) modeset(0): Modeline "640x400"x119.8   41.75  640 676 740 840  400 401 404 415 doublescan -hsync +vsync (49.7 kHz d)
[  3056.375] (II) modeset(0): Modeline "640x400"x120.0   35.50  640 664 680 720  400 401 404 411 doublescan +hsync -vsync (49.3 kHz d)
[  3056.375] (II) modeset(0): Modeline "640x360"x119.7   37.25  640 672 736 832  360 361 364 374 doublescan -hsync +vsync (44.8 kHz d)
[  3056.375] (II) modeset(0): Modeline "640x360"x119.7   31.88  640 664 680 720  360 361 364 370 doublescan +hsync -vsync (44.3 kHz d)
[  3056.375] (II) modeset(0): Modeline "640x360"x59.8   18.00  640 664 720 800  360 363 368 376 -hsync +vsync (22.5 kHz d)
[  3056.375] (II) modeset(0): Modeline "640x360"x59.3   17.75  640 688 720 800  360 363 368 374 +hsync -vsync (22.2 kHz d)
[  3056.375] (II) modeset(0): Modeline "512x384"x120.0   32.50  512 524 592 672  384 385 388 403 doublescan -hsync -vsync (48.4 kHz d)
[  3056.375] (II) modeset(0): Modeline "512x288"x120.0   23.25  512 532 580 648  288 289 292 299 doublescan -hsync +vsync (35.9 kHz d)
[  3056.375] (II) modeset(0): Modeline "512x288"x119.8   21.00  512 536 552 592  288 289 292 296 doublescan +hsync -vsync (35.5 kHz d)
[  3056.375] (II) modeset(0): Modeline "480x270"x119.3   20.38  480 496 544 608  270 271 274 281 doublescan -hsync +vsync (33.5 kHz d)
[  3056.375] (II) modeset(0): Modeline "480x270"x119.6   18.62  480 504 520 560  270 271 274 278 doublescan +hsync -vsync (33.3 kHz d)
[  3056.375] (II) modeset(0): Modeline "400x300"x120.6   20.00  400 420 484 528  300 300 302 314 doublescan +hsync +vsync (37.9 kHz d)
[  3056.375] (II) modeset(0): Modeline "400x300"x112.7   18.00  400 412 448 512  300 300 301 312 doublescan +hsync +vsync (35.2 kHz d)
[  3056.375] (II) modeset(0): Modeline "432x243"x119.8   16.25  432 444 484 536  243 244 247 253 doublescan -hsync +vsync (30.3 kHz d)
[  3056.375] (II) modeset(0): Modeline "432x243"x119.1   15.25  432 456 472 512  243 244 247 250 doublescan +hsync -vsync (29.8 kHz d)
[  3056.375] (II) modeset(0): Modeline "320x240"x120.1   12.59  320 328 376 400  240 245 246 262 doublescan -hsync -vsync (31.5 kHz d)
[  3056.375] (II) modeset(0): Modeline "360x202"x119.0   11.25  360 372 404 448  202 204 206 211 doublescan -hsync +vsync (25.1 kHz d)
[  3056.375] (II) modeset(0): Modeline "360x202"x118.3   10.88  360 384 400 440  202 204 206 209 doublescan +hsync -vsync (24.7 kHz d)
[  3056.375] (II) modeset(0): Modeline "320x180"x119.7    9.00  320 332 360 400  180 181 184 188 doublescan -hsync +vsync (22.5 kHz d)
[  3056.375] (II) modeset(0): Modeline "320x180"x118.6    8.88  320 344 360 400  180 181 184 187 doublescan +hsync -vsync (22.2 kHz d)
[  3056.378] (II) modeset(0): EDID for output HDMI-1
[  3056.378] (II) modeset(0): EDID for output DP-1
[  3056.378] (II) modeset(0): Output eDP-1 connected
[  3056.378] (II) modeset(0): Output HDMI-1 disconnected
[  3056.379] (II) modeset(0): Output DP-1 disconnected
[  3056.379] (II) modeset(0): Using exact sizes for initial modes
[  3056.379] (II) modeset(0): Output eDP-1 using initial mode 1366x768 +0+0
[  3056.379] (==) modeset(0): Using gamma correction (1.0, 1.0, 1.0)
[  3056.379] (==) modeset(0): DPI set to (96, 96)
[  3056.379] (II) Loading sub module "fb"
[  3056.379] (II) LoadModule: "fb"
[  3056.379] (II) Module "fb" already built-in
[  3056.379] (II) UnloadModule: "vesa"
[  3056.379] (II) Unloading vesa
[  3056.395] (==) modeset(0): Backing store enabled
[  3056.395] (==) modeset(0): Silken mouse enabled
[  3056.473] (II) modeset(0): Initializing kms color map for depth 24, 8 bpc.
[  3056.474] (==) modeset(0): DPMS enabled
[  3056.474] (II) modeset(0): [DRI2] Setup complete
[  3056.474] (II) modeset(0): [DRI2]   DRI driver: iris
[  3056.474] (II) modeset(0): [DRI2]   VDPAU driver: va_gl
[  3056.474] (II) Initializing extension Generic Event Extension
[  3056.474] (II) Initializing extension SHAPE
[  3056.475] (II) Initializing extension MIT-SHM
[  3056.475] (II) Initializing extension XInputExtension
[  3056.476] (II) Initializing extension XTEST
[  3056.476] (II) Initializing extension BIG-REQUESTS
[  3056.477] (II) Initializing extension SYNC
[  3056.477] (II) Initializing extension XKEYBOARD
[  3056.477] (II) Initializing extension XC-MISC
[  3056.478] (II) Initializing extension SECURITY
[  3056.478] (II) Initializing extension XFIXES
[  3056.478] (II) Initializing extension RENDER
[  3056.479] (II) Initializing extension RANDR
[  3056.479] (II) Initializing extension COMPOSITE
[  3056.480] (II) Initializing extension DAMAGE
[  3056.480] (II) Initializing extension MIT-SCREEN-SAVER
[  3056.480] (II) Initializing extension DOUBLE-BUFFER
[  3056.481] (II) Initializing extension RECORD
[  3056.481] (II) Initializing extension DPMS
[  3056.481] (II) Initializing extension Present
[  3056.482] (II) Initializing extension DRI3
[  3056.482] (II) Initializing extension X-Resource
[  3056.483] (II) Initializing extension XVideo
[  3056.483] (II) Initializing extension XVideo-MotionCompensation
[  3056.483] (II) Initializing extension GLX
[  3056.505] (II) AIGLX: Loaded and initialized iris
[  3056.505] (II) GLX: Initialized DRI2 GL provider for screen 0
[  3056.505] (II) Initializing extension XFree86-VidModeExtension
[  3056.505] (II) Initializing extension XFree86-DGA
[  3056.506] (II) Initializing extension XFree86-DRI
[  3056.506] (II) Initializing extension DRI2
[  3056.506] (II) modeset(0): Damage tracking initialized
[  3056.506] (II) modeset(0): Setting screen physical size to 361 x 203
[  3056.581] (II) config/udev: Adding input device Power Button (/dev/input/event3)
[  3056.581] (**) Power Button: Applying InputClass "libinput keyboard catchall"
[  3056.581] (II) LoadModule: "libinput"
[  3056.581] (II) Loading /usr/lib/xorg/modules/input/libinput_drv.so
[  3056.583] (II) Module libinput: vendor="X.Org Foundation"
[  3056.583] 	compiled for 1.21.1.3, module version = 1.2.1
[  3056.583] 	Module class: X.Org XInput Driver
[  3056.583] 	ABI class: X.Org XInput driver, version 24.4
[  3056.583] (II) Using input driver 'libinput' for 'Power Button'
[  3056.584] (II) systemd-logind: got fd for /dev/input/event3 13:67 fd 28 paused 0
[  3056.584] (**) Power Button: always reports core events
[  3056.584] (**) Option "Device" "/dev/input/event3"
[  3056.587] (II) event3  - Power Button: is tagged by udev as: Keyboard
[  3056.587] (II) event3  - Power Button: device is a keyboard
[  3056.587] (II) event3  - Power Button: device removed
[  3056.587] (**) Option "config_info" "udev:/sys/devices/LNXSYSTM:00/LNXPWRBN:00/input/input3/event3"
[  3056.587] (II) XINPUT: Adding extended input device "Power Button" (type: KEYBOARD, id 6)
[  3056.588] (II) event3  - Power Button: is tagged by udev as: Keyboard
[  3056.588] (II) event3  - Power Button: device is a keyboard
[  3056.589] (II) config/udev: Adding input device Video Bus (/dev/input/event6)
[  3056.589] (**) Video Bus: Applying InputClass "libinput keyboard catchall"
[  3056.589] (II) Using input driver 'libinput' for 'Video Bus'
[  3056.590] (II) systemd-logind: got fd for /dev/input/event6 13:70 fd 31 paused 0
[  3056.590] (**) Video Bus: always reports core events
[  3056.590] (**) Option "Device" "/dev/input/event6"
[  3056.591] (II) event6  - Video Bus: is tagged by udev as: Keyboard
[  3056.591] (II) event6  - Video Bus: device is a keyboard
[  3056.591] (II) event6  - Video Bus: device removed
[  3056.591] (**) Option "config_info" "udev:/sys/devices/LNXSYSTM:00/LNXSYBUS:00/PNP0A08:00/LNXVIDEO:00/input/input7/event6"
[  3056.591] (II) XINPUT: Adding extended input device "Video Bus" (type: KEYBOARD, id 7)
[  3056.592] (II) event6  - Video Bus: is tagged by udev as: Keyboard
[  3056.592] (II) event6  - Video Bus: device is a keyboard
[  3056.593] (II) config/udev: Adding input device Acer Wireless Radio Control (/dev/input/event7)
[  3056.593] (**) Acer Wireless Radio Control: Applying InputClass "libinput keyboard catchall"
[  3056.593] (II) Using input driver 'libinput' for 'Acer Wireless Radio Control'
[  3056.593] (II) systemd-logind: got fd for /dev/input/event7 13:71 fd 32 paused 0
[  3056.593] (**) Acer Wireless Radio Control: always reports core events
[  3056.593] (**) Option "Device" "/dev/input/event7"
[  3056.594] (II) event7  - Acer Wireless Radio Control: is tagged by udev as: Keyboard
[  3056.595] (II) event7  - Acer Wireless Radio Control: device is a keyboard
[  3056.595] (II) event7  - Acer Wireless Radio Control: device removed
[  3056.595] (**) Option "config_info" "udev:/sys/devices/LNXSYSTM:00/LNXSYBUS:00/PNP0A08:00/device:18/10251229:00/input/input8/event7"
[  3056.595] (II) XINPUT: Adding extended input device "Acer Wireless Radio Control" (type: KEYBOARD, id 8)
[  3056.596] (II) event7  - Acer Wireless Radio Control: is tagged by udev as: Keyboard
[  3056.596] (II) event7  - Acer Wireless Radio Control: device is a keyboard
[  3056.597] (II) config/udev: Adding input device Power Button (/dev/input/event0)
[  3056.597] (**) Power Button: Applying InputClass "libinput keyboard catchall"
[  3056.597] (II) Using input driver 'libinput' for 'Power Button'
[  3056.597] (II) systemd-logind: got fd for /dev/input/event0 13:64 fd 33 paused 0
[  3056.597] (**) Power Button: always reports core events
[  3056.597] (**) Option "Device" "/dev/input/event0"
[  3056.598] (II) event0  - Power Button: is tagged by udev as: Keyboard
[  3056.598] (II) event0  - Power Button: device is a keyboard
[  3056.599] (II) event0  - Power Button: device removed
[  3056.599] (**) Option "config_info" "udev:/sys/devices/LNXSYSTM:00/LNXSYBUS:00/PNP0C0C:00/input/input0/event0"
[  3056.599] (II) XINPUT: Adding extended input device "Power Button" (type: KEYBOARD, id 9)
[  3056.600] (II) event0  - Power Button: is tagged by udev as: Keyboard
[  3056.600] (II) event0  - Power Button: device is a keyboard
[  3056.600] (II) config/udev: Adding input device Lid Switch (/dev/input/event2)
[  3056.600] (II) No input driver specified, ignoring this device.
[  3056.600] (II) This device may have been added with another device file.
[  3056.601] (II) config/udev: Adding input device Sleep Button (/dev/input/event1)
[  3056.601] (**) Sleep Button: Applying InputClass "libinput keyboard catchall"
[  3056.601] (II) Using input driver 'libinput' for 'Sleep Button'
[  3056.601] (II) systemd-logind: got fd for /dev/input/event1 13:65 fd 34 paused 0
[  3056.601] (**) Sleep Button: always reports core events
[  3056.601] (**) Option "Device" "/dev/input/event1"
[  3056.602] (II) event1  - Sleep Button: is tagged by udev as: Keyboard
[  3056.602] (II) event1  - Sleep Button: device is a keyboard
[  3056.602] (II) event1  - Sleep Button: device removed
[  3056.602] (**) Option "config_info" "udev:/sys/devices/LNXSYSTM:00/LNXSYBUS:00/PNP0C0E:00/input/input1/event1"
[  3056.602] (II) XINPUT: Adding extended input device "Sleep Button" (type: KEYBOARD, id 10)
[  3056.603] (II) event1  - Sleep Button: is tagged by udev as: Keyboard
[  3056.603] (II) event1  - Sleep Button: device is a keyboard
[  3056.605] (II) config/udev: Adding input device USB OPTICAL MOUSE  (/dev/input/event5)
[  3056.605] (**) USB OPTICAL MOUSE : Applying InputClass "libinput pointer catchall"
[  3056.605] (II) Using input driver 'libinput' for 'USB OPTICAL MOUSE '
[  3056.662] (II) systemd-logind: got fd for /dev/input/event5 13:69 fd 35 paused 0
[  3056.662] (**) USB OPTICAL MOUSE : always reports core events
[  3056.663] (**) Option "Device" "/dev/input/event5"
[  3056.668] (II) event5  - USB OPTICAL MOUSE : is tagged by udev as: Mouse
[  3056.669] (II) event5  - USB OPTICAL MOUSE : device is a pointer
[  3056.669] (II) event5  - USB OPTICAL MOUSE : device removed
[  3056.669] (**) Option "config_info" "udev:/sys/devices/pci0000:00/0000:00:14.0/usb1/1-1/1-1:1.0/0003:275D:0BA6.0001/input/input6/event5"
[  3056.669] (II) XINPUT: Adding extended input device "USB OPTICAL MOUSE " (type: MOUSE, id 11)
[  3056.670] (**) Option "AccelerationScheme" "none"
[  3056.670] (**) USB OPTICAL MOUSE : (accel) selected scheme none/0
[  3056.670] (**) USB OPTICAL MOUSE : (accel) acceleration factor: 2.000
[  3056.670] (**) USB OPTICAL MOUSE : (accel) acceleration threshold: 4
[  3056.675] (II) event5  - USB OPTICAL MOUSE : is tagged by udev as: Mouse
[  3056.675] (II) event5  - USB OPTICAL MOUSE : device is a pointer
[  3056.678] (II) config/udev: Adding input device USB OPTICAL MOUSE  (/dev/input/mouse0)
[  3056.679] (II) No input driver specified, ignoring this device.
[  3056.679] (II) This device may have been added with another device file.
[  3056.681] (II) config/udev: Adding input device HD WebCam: HD WebCam (/dev/input/event10)
[  3056.681] (**) HD WebCam: HD WebCam: Applying InputClass "libinput keyboard catchall"
[  3056.681] (II) Using input driver 'libinput' for 'HD WebCam: HD WebCam'
[  3056.684] (II) systemd-logind: got fd for /dev/input/event10 13:74 fd 36 paused 0
[  3056.684] (**) HD WebCam: HD WebCam: always reports core events
[  3056.684] (**) Option "Device" "/dev/input/event10"
[  3056.689] (II) event10 - HD WebCam: HD WebCam: is tagged by udev as: Keyboard
[  3056.689] (II) event10 - HD WebCam: HD WebCam: device is a keyboard
[  3056.689] (II) event10 - HD WebCam: HD WebCam: device removed
[  3056.689] (**) Option "config_info" "udev:/sys/devices/pci0000:00/0000:00:14.0/usb1/1-7/1-7:1.0/input/input12/event10"
[  3056.689] (II) XINPUT: Adding extended input device "HD WebCam: HD WebCam" (type: KEYBOARD, id 12)
[  3056.693] (II) event10 - HD WebCam: HD WebCam: is tagged by udev as: Keyboard
[  3056.693] (II) event10 - HD WebCam: HD WebCam: device is a keyboard
[  3056.695] (II) config/udev: Adding input device HDA Intel PCH Front Headphone (/dev/input/event12)
[  3056.695] (II) No input driver specified, ignoring this device.
[  3056.695] (II) This device may have been added with another device file.
[  3056.696] (II) config/udev: Adding input device HDA Intel PCH HDMI/DP,pcm=3 (/dev/input/event13)
[  3056.696] (II) No input driver specified, ignoring this device.
[  3056.696] (II) This device may have been added with another device file.
[  3056.696] (II) config/udev: Adding input device HDA Intel PCH HDMI/DP,pcm=7 (/dev/input/event14)
[  3056.696] (II) No input driver specified, ignoring this device.
[  3056.696] (II) This device may have been added with another device file.
[  3056.697] (II) config/udev: Adding input device HDA Intel PCH HDMI/DP,pcm=8 (/dev/input/event15)
[  3056.697] (II) No input driver specified, ignoring this device.
[  3056.697] (II) This device may have been added with another device file.
[  3056.698] (II) config/udev: Adding input device AT Translated Set 2 keyboard (/dev/input/event4)
[  3056.698] (**) AT Translated Set 2 keyboard: Applying InputClass "libinput keyboard catchall"
[  3056.698] (II) Using input driver 'libinput' for 'AT Translated Set 2 keyboard'
[  3056.699] (II) systemd-logind: got fd for /dev/input/event4 13:68 fd 37 paused 0
[  3056.700] (**) AT Translated Set 2 keyboard: always reports core events
[  3056.700] (**) Option "Device" "/dev/input/event4"
[  3056.701] (II) event4  - AT Translated Set 2 keyboard: is tagged by udev as: Keyboard
[  3056.701] (II) event4  - AT Translated Set 2 keyboard: device is a keyboard
[  3056.702] (II) event4  - AT Translated Set 2 keyboard: device removed
[  3056.702] (**) Option "config_info" "udev:/sys/devices/platform/i8042/serio0/input/input4/event4"
[  3056.702] (II) XINPUT: Adding extended input device "AT Translated Set 2 keyboard" (type: KEYBOARD, id 13)
[  3056.704] (II) event4  - AT Translated Set 2 keyboard: is tagged by udev as: Keyboard
[  3056.704] (II) event4  - AT Translated Set 2 keyboard: device is a keyboard
[  3056.706] (II) config/udev: Adding input device SynPS/2 Synaptics TouchPad (/dev/input/event11)
[  3056.706] (**) SynPS/2 Synaptics TouchPad: Applying InputClass "libinput touchpad catchall"
[  3056.706] (II) Using input driver 'libinput' for 'SynPS/2 Synaptics TouchPad'
[  3056.712] (II) systemd-logind: got fd for /dev/input/event11 13:75 fd 38 paused 0
[  3056.712] (**) SynPS/2 Synaptics TouchPad: always reports core events
[  3056.712] (**) Option "Device" "/dev/input/event11"
[  3056.716] (II) event11 - SynPS/2 Synaptics TouchPad: is tagged by udev as: Touchpad
[  3056.717] (II) event11 - SynPS/2 Synaptics TouchPad: no resolution or size hints, assuming a size of 69x50mm
[  3056.720] (II) event11 - SynPS/2 Synaptics TouchPad: device is a touchpad
[  3056.720] (II) event11 - SynPS/2 Synaptics TouchPad: device removed
[  3056.721] (**) Option "config_info" "udev:/sys/devices/platform/i8042/serio1/input/input9/event11"
[  3056.721] (II) XINPUT: Adding extended input device "SynPS/2 Synaptics TouchPad" (type: TOUCHPAD, id 14)
[  3056.723] (**) Option "AccelerationScheme" "none"
[  3056.724] (**) SynPS/2 Synaptics TouchPad: (accel) selected scheme none/0
[  3056.724] (**) SynPS/2 Synaptics TouchPad: (accel) acceleration factor: 2.000
[  3056.724] (**) SynPS/2 Synaptics TouchPad: (accel) acceleration threshold: 4
[  3056.725] (II) event11 - SynPS/2 Synaptics TouchPad: is tagged by udev as: Touchpad
[  3056.726] (II) event11 - SynPS/2 Synaptics TouchPad: no resolution or size hints, assuming a size of 69x50mm
[  3056.728] (II) event11 - SynPS/2 Synaptics TouchPad: device is a touchpad
[  3056.729] (II) config/udev: Adding input device SynPS/2 Synaptics TouchPad (/dev/input/mouse1)
[  3056.729] (II) No input driver specified, ignoring this device.
[  3056.729] (II) This device may have been added with another device file.
[  3056.729] (II) config/udev: Adding input device PC Speaker (/dev/input/event8)
[  3056.729] (II) No input driver specified, ignoring this device.
[  3056.729] (II) This device may have been added with another device file.
[  3056.733] (II) config/udev: Adding input device Acer WMI hotkeys (/dev/input/event9)
[  3056.733] (**) Acer WMI hotkeys: Applying InputClass "libinput keyboard catchall"
[  3056.733] (II) Using input driver 'libinput' for 'Acer WMI hotkeys'
[  3056.733] (II) systemd-logind: got fd for /dev/input/event9 13:73 fd 39 paused 0
[  3056.733] (**) Acer WMI hotkeys: always reports core events
[  3056.733] (**) Option "Device" "/dev/input/event9"
[  3056.734] (II) event9  - Acer WMI hotkeys: is tagged by udev as: Keyboard
[  3056.734] (II) event9  - Acer WMI hotkeys: device is a keyboard
[  3056.735] (II) event9  - Acer WMI hotkeys: device removed
[  3056.735] (**) Option "config_info" "udev:/sys/devices/virtual/input/input11/event9"
[  3056.735] (II) XINPUT: Adding extended input device "Acer WMI hotkeys" (type: KEYBOARD, id 15)
[  3056.736] (II) event9  - Acer WMI hotkeys: is tagged by udev as: Keyboard
[  3056.736] (II) event9  - Acer WMI hotkeys: device is a keyboard
[  3056.872] (II) modeset(0): EDID vendor "CMN", prod id 5316
[  3056.872] (II) modeset(0): Printing DDC gathered Modelines:
[  3056.872] (II) modeset(0): Modeline "1366x768"x0.0   76.42  1366 1434 1479 1592  768 772 779 800 -hsync -vsync (48.0 kHz eP)
[  3057.022] (II) modeset(0): EDID vendor "CMN", prod id 5316
[  3057.022] (II) modeset(0): Printing DDC gathered Modelines:
[  3057.022] (II) modeset(0): Modeline "1366x768"x0.0   76.42  1366 1434 1479 1592  768 772 779 800 -hsync -vsync (48.0 kHz eP)
[  3057.055] (II) modeset(0): EDID vendor "CMN", prod id 5316
[  3057.056] (II) modeset(0): Printing DDC gathered Modelines:
[  3057.056] (II) modeset(0): Modeline "1366x768"x0.0   76.42  1366 1434 1479 1592  768 772 779 800 -hsync -vsync (48.0 kHz eP)
[  4215.703] (II) modeset(0): EDID vendor "CMN", prod id 5316
[  4215.703] (II) modeset(0): Printing DDC gathered Modelines:
[  4215.703] (II) modeset(0): Modeline "1366x768"x0.0   76.42  1366 1434 1479 1592  768 772 779 800 -hsync -vsync (48.0 kHz eP)
[  4216.102] (II) modeset(0): EDID vendor "CMN", prod id 5316
[  4216.102] (II) modeset(0): Printing DDC gathered Modelines:
[  4216.102] (II) modeset(0): Modeline "1366x768"x0.0   76.42  1366 1434 1479 1592  768 772 779 800 -hsync -vsync (48.0 kHz eP)
[  4216.136] (II) modeset(0): EDID vendor "CMN", prod id 5316
[  4216.136] (II) modeset(0): Printing DDC gathered Modelines:
[  4216.136] (II) modeset(0): Modeline "1366x768"x0.0   76.42  1366 1434 1479 1592  768 772 779 800 -hsync -vsync (48.0 kHz eP)
[  4218.719] (II) modeset(0): EDID vendor "CMN", prod id 5316
[  4218.719] (II) modeset(0): Printing DDC gathered Modelines:
[  4218.719] (II) modeset(0): Modeline "1366x768"x0.0   76.42  1366 1434 1479 1592  768 772 779 800 -hsync -vsync (48.0 kHz eP)
[  4219.152] (II) modeset(0): EDID vendor "CMN", prod id 5316
[  4219.152] (II) modeset(0): Printing DDC gathered Modelines:
[  4219.152] (II) modeset(0): Modeline "1366x768"x0.0   76.42  1366 1434 1479 1592  768 772 779 800 -hsync -vsync (48.0 kHz eP)
[  4219.186] (II) modeset(0): EDID vendor "CMN", prod id 5316
[  4219.186] (II) modeset(0): Printing DDC gathered Modelines:
[  4219.186] (II) modeset(0): Modeline "1366x768"x0.0   76.42  1366 1434 1479 1592  768 772 779 800 -hsync -vsync (48.0 kHz eP)
[  4287.116] (II) modeset(0): EDID vendor "CMN", prod id 5316
[  4287.116] (II) modeset(0): Printing DDC gathered Modelines:
[  4287.116] (II) modeset(0): Modeline "1366x768"x0.0   76.42  1366 1434 1479 1592  768 772 779 800 -hsync -vsync (48.0 kHz eP)
[  4287.499] (II) modeset(0): EDID vendor "CMN", prod id 5316
[  4287.499] (II) modeset(0): Printing DDC gathered Modelines:
[  4287.499] (II) modeset(0): Modeline "1366x768"x0.0   76.42  1366 1434 1479 1592  768 772 779 800 -hsync -vsync (48.0 kHz eP)
[  4287.516] (II) modeset(0): EDID vendor "CMN", prod id 5316
[  4287.516] (II) modeset(0): Printing DDC gathered Modelines:
[  4287.516] (II) modeset(0): Modeline "1366x768"x0.0   76.42  1366 1434 1479 1592  768 772 779 800 -hsync -vsync (48.0 kHz eP)
[  5260.022] (II) modeset(0): EDID vendor "CMN", prod id 5316
[  5260.022] (II) modeset(0): Printing DDC gathered Modelines:
[  5260.022] (II) modeset(0): Modeline "1366x768"x0.0   76.42  1366 1434 1479 1592  768 772 779 800 -hsync -vsync (48.0 kHz eP)
[  5260.405] (II) modeset(0): EDID vendor "CMN", prod id 5316
[  5260.405] (II) modeset(0): Printing DDC gathered Modelines:
[  5260.405] (II) modeset(0): Modeline "1366x768"x0.0   76.42  1366 1434 1479 1592  768 772 779 800 -hsync -vsync (48.0 kHz eP)
[  5260.438] (II) modeset(0): EDID vendor "CMN", prod id 5316
[  5260.438] (II) modeset(0): Printing DDC gathered Modelines:
[  5260.438] (II) modeset(0): Modeline "1366x768"x0.0   76.42  1366 1434 1479 1592  768 772 779 800 -hsync -vsync (48.0 kHz eP)
[  5797.464] (II) modeset(0): EDID vendor "CMN", prod id 5316
[  5797.464] (II) modeset(0): Printing DDC gathered Modelines:
[  5797.464] (II) modeset(0): Modeline "1366x768"x0.0   76.42  1366 1434 1479 1592  768 772 779 800 -hsync -vsync (48.0 kHz eP)
[  5797.847] (II) modeset(0): EDID vendor "CMN", prod id 5316
[  5797.847] (II) modeset(0): Printing DDC gathered Modelines:
[  5797.847] (II) modeset(0): Modeline "1366x768"x0.0   76.42  1366 1434 1479 1592  768 772 779 800 -hsync -vsync (48.0 kHz eP)
[  5797.880] (II) modeset(0): EDID vendor "CMN", prod id 5316
[  5797.880] (II) modeset(0): Printing DDC gathered Modelines:
[  5797.880] (II) modeset(0): Modeline "1366x768"x0.0   76.42  1366 1434 1479 1592  768 772 779 800 -hsync -vsync (48.0 kHz eP)
